k:\dev\github\latawica\latawicabhop\latawicabhop\release\vc140.pdb
k:\dev\github\latawica\latawicabhop\latawicabhop\release\offsets.obj
k:\dev\github\latawica\latawicabhop\latawicabhop\release\memorymanagment.obj
k:\dev\github\latawica\latawicabhop\latawicabhop\release\latawicabhop.obj
k:\dev\github\latawica\latawicabhop\release\latawicabhop.exe
k:\dev\github\latawica\latawicabhop\release\latawicabhop.ipdb
k:\dev\github\latawica\latawicabhop\release\latawicabhop.iobj
k:\dev\github\latawica\latawicabhop\release\latawicabhop.pdb
c:\users\michał lata\documents\github\latawica-master\latawica\latawicabhop\latawicabhop\release\latawicabhop.obj
c:\users\michał lata\documents\github\latawica-master\latawica\latawicabhop\latawicabhop\release\memorymanagment.obj
c:\users\michał lata\documents\github\latawica-master\latawica\latawicabhop\latawicabhop\release\offsets.obj
c:\users\michał lata\documents\github\latawica-master\latawica\latawicabhop\latawicabhop\release\vc140.pdb
c:\users\michał lata\documents\github\latawica-master\latawica\latawicabhop\release\latawicabhop.pdb
c:\users\michał lata\documents\github\latawica-master\latawica\latawicabhop\release\latawicabhop.exe
c:\users\michał lata\documents\github\latawica-master\latawica\latawicabhop\latawicabhop\release\latawicabhop.tlog\cl.command.1.tlog
c:\users\michał lata\documents\github\latawica-master\latawica\latawicabhop\latawicabhop\release\latawicabhop.tlog\cl.read.1.tlog
c:\users\michał lata\documents\github\latawica-master\latawica\latawicabhop\latawicabhop\release\latawicabhop.tlog\cl.write.1.tlog
c:\users\michał lata\documents\github\latawica-master\latawica\latawicabhop\latawicabhop\release\latawicabhop.tlog\link.command.1.tlog
c:\users\michał lata\documents\github\latawica-master\latawica\latawicabhop\latawicabhop\release\latawicabhop.tlog\link.read.1.tlog
c:\users\michał lata\documents\github\latawica-master\latawica\latawicabhop\latawicabhop\release\latawicabhop.tlog\link.write.1.tlog
